==================================================
Model: LightGCN
Time: 2026-03-23 20:09:40
Best validation score: 0.5051
Validation result: OrderedDict([('recall@5', 0.2525), ('recall@10', 0.3539), ('recall@20', 0.5051), ('ndcg@5', 0.1886), ('ndcg@10', 0.2271), ('ndcg@20', 0.2716), ('hit@5', 0.3791), ('hit@10', 0.5104), ('hit@20', 0.6657), ('precision@5', 0.0842), ('precision@10', 0.0621), ('precision@20', 0.0454)])
Test result: OrderedDict([('recall@5', 0.2526), ('recall@10', 0.3501), ('recall@20', 0.4737), ('ndcg@5', 0.2108), ('ndcg@10', 0.2468), ('ndcg@20', 0.285), ('hit@5', 0.3821), ('hit@10', 0.5134), ('hit@20', 0.6328), ('precision@5', 0.089), ('precision@10', 0.0633), ('precision@20', 0.0455)])
==================================================
==================================================
Model: LightGCN
Time: 2026-03-23 20:17:26
Best validation score: 0.5051
Validation result: OrderedDict([('recall@5', 0.2525), ('recall@10', 0.3539), ('recall@20', 0.5051), ('ndcg@5', 0.1886), ('ndcg@10', 0.2271), ('ndcg@20', 0.2716), ('hit@5', 0.3791), ('hit@10', 0.5104), ('hit@20', 0.6657), ('precision@5', 0.0842), ('precision@10', 0.0621), ('precision@20', 0.0454)])
Test result: OrderedDict([('recall@5', 0.2526), ('recall@10', 0.3501), ('recall@20', 0.4737), ('ndcg@5', 0.2108), ('ndcg@10', 0.2468), ('ndcg@20', 0.285), ('hit@5', 0.3821), ('hit@10', 0.5134), ('hit@20', 0.6328), ('precision@5', 0.089), ('precision@10', 0.0633), ('precision@20', 0.0455)])
==================================================
==================================================
Model: LightGCN
Time: 2026-03-23 20:21:30
Best validation score: 0.5051
Validation result: OrderedDict([('recall@5', 0.2525), ('recall@10', 0.3539), ('recall@20', 0.5051), ('ndcg@5', 0.1886), ('ndcg@10', 0.2271), ('ndcg@20', 0.2716), ('hit@5', 0.3791), ('hit@10', 0.5104), ('hit@20', 0.6657), ('precision@5', 0.0842), ('precision@10', 0.0621), ('precision@20', 0.0454)])
Test result: OrderedDict([('recall@5', 0.2526), ('recall@10', 0.3501), ('recall@20', 0.4737), ('ndcg@5', 0.2108), ('ndcg@10', 0.2468), ('ndcg@20', 0.285), ('hit@5', 0.3821), ('hit@10', 0.5134), ('hit@20', 0.6328), ('precision@5', 0.089), ('precision@10', 0.0633), ('precision@20', 0.0455)])
==================================================
==================================================
Model: LightGCN
Time: 2026-03-23 20:25:36
Best validation score: 0.5051
Validation result: OrderedDict([('recall@5', 0.2525), ('recall@10', 0.3539), ('recall@20', 0.5051), ('ndcg@5', 0.1886), ('ndcg@10', 0.2271), ('ndcg@20', 0.2716), ('hit@5', 0.3791), ('hit@10', 0.5104), ('hit@20', 0.6657), ('precision@5', 0.0842), ('precision@10', 0.0621), ('precision@20', 0.0454)])
Test result: OrderedDict([('recall@5', 0.2526), ('recall@10', 0.3501), ('recall@20', 0.4737), ('ndcg@5', 0.2108), ('ndcg@10', 0.2468), ('ndcg@20', 0.285), ('hit@5', 0.3821), ('hit@10', 0.5134), ('hit@20', 0.6328), ('precision@5', 0.089), ('precision@10', 0.0633), ('precision@20', 0.0455)])
==================================================
